2024-12-09 16:57:05,710 - INFO - Starting ML-based NER training with BioClinicalBERT embeddings
2024-12-09 16:57:07,982 - INFO - BioClinicalBERT model loaded on CPU.
2024-12-09 16:57:07,982 - INFO - Encoding training data with BioClinicalBERT...
2024-12-09 16:57:11,267 - INFO - Performing Grid Search for Random Forest...
2024-12-09 16:57:32,669 - INFO - Performing Grid Search for XGBoost...
2024-12-09 16:58:07,761 - INFO - Performing Grid Search for LightGBM...
2024-12-09 16:58:25,133 - INFO - Performing Grid Search for AdaBoost...
2024-12-09 16:58:55,998 - INFO - Performing Grid Search for Gradient Boosting...
2024-12-09 17:11:48,515 - INFO - Performing Grid Search for SVM...
2024-12-10 10:26:04,860 - INFO - Starting ML-based NER training with BioClinicalBERT embeddings
2024-12-10 10:26:07,154 - INFO - BioClinicalBERT model loaded on CPU.
2024-12-10 10:26:07,154 - INFO - Encoding training data with BioClinicalBERT...
2024-12-10 10:26:10,392 - INFO - Performing Grid Search for Random Forest...
2024-12-10 10:26:31,288 - INFO - Performing Grid Search for XGBoost...
2024-12-10 10:27:03,915 - INFO - Performing Grid Search for LightGBM...
2024-12-10 10:27:18,297 - INFO - Performing Grid Search for AdaBoost...
2024-12-10 10:27:47,463 - INFO - Performing Grid Search for Gradient Boosting...
2024-12-10 10:40:03,168 - INFO - Performing Grid Search for SVM...
2024-12-10 10:55:10,392 - INFO - Starting ML-based NER training with BioClinicalBERT embeddings
2024-12-10 10:55:12,489 - INFO - BioClinicalBERT model loaded on CPU.
2024-12-10 10:55:12,489 - INFO - Encoding training data with BioClinicalBERT...
2024-12-10 10:55:15,798 - INFO - Performing Grid Search for Random Forest...
2024-12-10 10:55:36,872 - INFO - Performing Grid Search for XGBoost...
2024-12-10 10:56:10,902 - INFO - Performing Grid Search for LightGBM...
2024-12-10 10:56:25,717 - INFO - Performing Grid Search for AdaBoost...
2024-12-10 10:56:54,613 - INFO - Performing Grid Search for Gradient Boosting...
2024-12-10 10:59:11,243 - INFO - Starting ML-based NER training with BioClinicalBERT embeddings
2024-12-10 10:59:12,869 - INFO - BioClinicalBERT model loaded on CPU.
2024-12-10 10:59:12,869 - INFO - Encoding training data with BioClinicalBERT...
2024-12-10 10:59:16,165 - INFO - Performing Grid Search for Random Forest...
2024-12-10 10:59:37,347 - INFO - Performing Grid Search for XGBoost...
2024-12-10 11:00:09,600 - INFO - Performing Grid Search for LightGBM...
2024-12-10 11:00:24,629 - INFO - Performing Grid Search for AdaBoost...
2024-12-10 11:00:55,364 - INFO - Performing Grid Search for Gradient Boosting...
2024-12-10 11:14:54,581 - INFO - Performing Grid Search for SVM...
2024-12-11 09:24:48,783 - INFO - Starting ML-based NER training with BioClinicalBERT embeddings
2024-12-11 09:24:51,496 - INFO - BioClinicalBERT model loaded on CPU.
2024-12-11 09:24:51,496 - INFO - Encoding training data with BioClinicalBERT...
2024-12-11 09:24:54,736 - INFO - Performing Grid Search for Random Forest...
2024-12-11 09:25:16,421 - INFO - Performing Grid Search for XGBoost...
2024-12-11 09:25:48,799 - INFO - Performing Grid Search for LightGBM...
2024-12-11 09:26:03,784 - INFO - Performing Grid Search for AdaBoost...
2024-12-11 09:26:34,438 - INFO - Performing Grid Search for Gradient Boosting...
2024-12-11 09:40:29,207 - INFO - Performing Grid Search for SVM...
2024-12-11 09:55:31,605 - INFO - Starting ML-based NER training with BioClinicalBERT embeddings
2024-12-11 09:55:33,326 - INFO - BioClinicalBERT model loaded on CPU.
2024-12-11 09:55:33,326 - INFO - Encoding training data with BioClinicalBERT...
2024-12-11 09:55:36,556 - INFO - Performing Grid Search for Random Forest...
2024-12-11 09:55:57,560 - INFO - Performing Grid Search for XGBoost...
2024-12-11 09:56:29,916 - INFO - Performing Grid Search for LightGBM...
2024-12-11 09:56:44,519 - INFO - Performing Grid Search for AdaBoost...
2024-12-11 09:57:15,533 - INFO - Performing Grid Search for Gradient Boosting...
2024-12-11 10:11:01,989 - INFO - Performing Grid Search for SVM...
2024-12-11 10:26:51,474 - INFO - Starting ML-based NER training with BioClinicalBERT embeddings
2024-12-11 10:26:53,225 - INFO - BioClinicalBERT model loaded on CPU.
2024-12-11 10:26:53,225 - INFO - Encoding training data with BioClinicalBERT...
2024-12-11 10:26:56,521 - INFO - Performing Grid Search for Random Forest...
2024-12-11 10:27:17,672 - INFO - Performing Grid Search for XGBoost...
2024-12-11 10:27:49,740 - INFO - Performing Grid Search for LightGBM...
2024-12-11 10:28:05,179 - INFO - Performing Grid Search for AdaBoost...
2024-12-11 10:28:36,133 - INFO - Performing Grid Search for Gradient Boosting...
2024-12-11 10:42:19,803 - INFO - Performing Grid Search for SVM...
2024-12-11 10:51:43,159 - INFO - Starting ML-based NER training with BioClinicalBERT embeddings
2024-12-11 10:51:44,878 - INFO - BioClinicalBERT model loaded on CPU.
2024-12-11 10:51:44,878 - INFO - Encoding training data with BioClinicalBERT...
2024-12-11 10:51:48,088 - INFO - Performing Grid Search for Random Forest...
2024-12-11 10:52:09,085 - INFO - Performing Grid Search for XGBoost...
2024-12-11 10:52:41,612 - INFO - Performing Grid Search for LightGBM...
2024-12-11 10:52:56,161 - INFO - Performing Grid Search for AdaBoost...
2024-12-11 10:53:26,906 - INFO - Performing Grid Search for Gradient Boosting...
2024-12-11 11:07:05,326 - INFO - Performing Grid Search for SVM...
2024-12-11 11:07:05,342 - INFO - Performing Grid Search for Logistic Regression...
2024-12-11 11:07:09,559 - INFO - Validating models on the validation set...
2024-12-11 11:40:43,416 - INFO - Starting ML-based NER training with BioClinicalBERT embeddings
2024-12-11 11:40:45,259 - INFO - BioClinicalBERT model loaded on CPU.
2024-12-11 11:40:45,265 - INFO - Encoding training data with BioClinicalBERT...
2024-12-11 11:40:48,487 - INFO - Performing Grid Search for Random Forest...
2024-12-11 11:41:09,446 - INFO - Performing Grid Search for XGBoost...
2024-12-11 11:41:42,678 - INFO - Performing Grid Search for LightGBM...
2024-12-11 11:41:58,261 - INFO - Performing Grid Search for AdaBoost...
2024-12-11 11:42:29,209 - INFO - Performing Grid Search for Gradient Boosting...
2024-12-11 11:56:13,093 - INFO - Performing Grid Search for Logistic Regression...
2024-12-11 11:56:17,329 - INFO - Validating models on the validation set...
2024-12-11 11:56:24,051 - INFO - Saved random_forest model to ./models/bioclinicalbert_ml_models/ner_random_forest_model.joblib
2024-12-11 11:56:24,080 - INFO - Saved xgboost model to ./models/bioclinicalbert_ml_models/ner_xgboost_model.joblib
2024-12-11 11:56:24,132 - INFO - Saved lightgbm model to ./models/bioclinicalbert_ml_models/ner_lightgbm_model.joblib
2024-12-11 11:56:24,168 - INFO - Saved adaboost model to ./models/bioclinicalbert_ml_models/ner_adaboost_model.joblib
2024-12-11 11:56:24,204 - INFO - Saved gradient_boosting model to ./models/bioclinicalbert_ml_models/ner_gradient_boosting_model.joblib
2024-12-11 11:56:24,204 - INFO - Saved logistic_regression model to ./models/bioclinicalbert_ml_models/ner_logistic_regression_model.joblib
2024-12-11 11:56:24,259 - INFO - Saved label encoder to ./models/bioclinicalbert_ml_models/ner_label_encoder.joblib
2024-12-11 11:56:24,877 - INFO - Saved tokenizer and model for embeddings
2024-12-11 11:56:24,877 - INFO - ML-based NER models have been saved with BioClinicalBERT embeddings
2024-12-11 14:01:11,911 - INFO - Starting ML-based NER training with BioClinicalBERT embeddings
2024-12-11 14:01:13,437 - INFO - BioClinicalBERT model loaded on CPU.
2024-12-11 14:01:13,437 - INFO - Encoding training data with BioClinicalBERT...
2024-12-11 14:01:36,155 - INFO - Performing Grid Search for Random Forest...
2024-12-11 14:02:16,253 - INFO - Performing Grid Search for XGBoost...
2024-12-11 14:02:49,208 - INFO - Performing Grid Search for LightGBM...
2024-12-11 14:03:06,769 - INFO - Performing Grid Search for AdaBoost...
2024-12-11 14:03:29,218 - INFO - Performing Grid Search for Gradient Boosting...
2024-12-11 14:12:09,094 - INFO - Performing Grid Search for Logistic Regression...
2024-12-11 14:12:15,317 - INFO - Encoding test data for final reference saving...
2024-12-11 14:12:26,015 - INFO - Saved random_forest model to ./models/bioclinicalbert_ml_models/ner_random_forest_model.joblib
2024-12-11 14:12:26,038 - INFO - Saved xgboost model to ./models/bioclinicalbert_ml_models/ner_xgboost_model.joblib
2024-12-11 14:12:26,085 - INFO - Saved lightgbm model to ./models/bioclinicalbert_ml_models/ner_lightgbm_model.joblib
2024-12-11 14:12:26,119 - INFO - Saved adaboost model to ./models/bioclinicalbert_ml_models/ner_adaboost_model.joblib
2024-12-11 14:12:26,149 - INFO - Saved gradient_boosting model to ./models/bioclinicalbert_ml_models/ner_gradient_boosting_model.joblib
2024-12-11 14:12:26,153 - INFO - Saved logistic_regression model to ./models/bioclinicalbert_ml_models/ner_logistic_regression_model.joblib
2024-12-11 14:12:26,156 - INFO - Saved label encoder to ./models/bioclinicalbert_ml_models/ner_label_encoder.joblib
2024-12-11 14:12:26,742 - INFO - Saved tokenizer and model for embeddings
2024-12-11 14:12:26,742 - INFO - ML-based NER models trained with BioClinicalBERT embeddings and data split files saved successfully.
