2024-12-03 15:13:03,990 - INFO - Starting ML-based RE training
2024-12-03 15:20:27,487 - INFO - Starting ML-based RE training
2024-12-03 15:29:32,547 - INFO - Starting ML-based RE training
2024-12-03 15:29:32,806 - INFO - Extracting relations from data...
2024-12-03 15:36:00,729 - INFO - Starting ML-based RE training
2024-12-03 15:36:01,076 - INFO - Extracting relations from data...
2024-12-03 15:41:47,788 - INFO - Starting ML-based RE training
2024-12-03 15:41:48,175 - INFO - Extracting relations from data...
2024-12-03 15:47:20,144 - INFO - Starting ML-based RE training
2024-12-03 15:47:20,544 - ERROR - No relations found in the data. Please ensure that relations are properly annotated.
2024-12-03 16:14:52,939 - INFO - Starting ML-based RE training
2024-12-03 16:14:53,162 - INFO - Training Random Forest model...
2024-12-03 16:21:53,899 - INFO - Starting ML-based RE training
2024-12-03 16:21:54,119 - INFO - Training Random Forest model...
2024-12-03 16:27:14,182 - INFO - Starting ML-based RE training
2024-12-03 16:27:14,394 - INFO - Training Random Forest model...
2024-12-03 16:27:30,224 - INFO - Training XGBoost model...
2024-12-03 16:27:34,038 - INFO - Training SVM model...
2024-12-03 16:27:39,509 - INFO - Training Logistic Regression model...
2024-12-03 16:27:40,127 - INFO - Validating models on the validation set...
2024-12-03 16:27:40,717 - INFO - Saved random_forest model to ./models/ml_models/re_model/re_random_forest_model.joblib
2024-12-03 16:27:40,853 - INFO - Saved xgboost model to ./models/ml_models/re_model/re_xgboost_model.joblib
2024-12-03 16:27:41,030 - INFO - Saved svm model to ./models/ml_models/re_model/re_svm_model.joblib
2024-12-03 16:27:41,172 - INFO - Saved logistic_regression model to ./models/ml_models/re_model/re_logistic_regression_model.joblib
2024-12-03 16:27:41,175 - INFO - Saved label encoder to ./models/ml_models/re_model/re_label_encoder.joblib
2024-12-03 16:27:41,175 - INFO - ML-based RE models have been saved
2024-12-03 16:47:07,598 - INFO - Starting ML-based RE training
2024-12-04 15:35:23,137 - INFO - Starting ML-based RE training
2024-12-04 15:37:10,596 - INFO - Starting ML-based RE training
2024-12-04 16:26:03,936 - INFO - Starting ML-based RE training
2024-12-04 16:26:46,625 - INFO - Starting ML-based RE training
2024-12-04 16:26:47,117 - INFO - Encoding training data...
2024-12-04 16:27:34,560 - INFO - Performing Grid Search for Random Forest...
2024-12-05 11:28:18,822 - INFO - Starting ML-based RE training
2024-12-05 11:28:19,409 - INFO - Encoding training data...
2024-12-05 11:29:07,958 - INFO - Performing Grid Search for Random Forest...
2024-12-05 11:37:39,901 - INFO - Starting ML-based RE training
2024-12-05 11:37:40,333 - INFO - Encoding training data...
2024-12-05 11:38:27,283 - INFO - Performing Grid Search for Random Forest...
2024-12-05 11:39:58,713 - INFO - Best parameters for Random Forest: {'class_weight': 'balanced', 'max_depth': 10, 'min_samples_split': 5, 'n_estimators': 100}
2024-12-05 11:39:58,714 - INFO - Performing Grid Search for XGBoost...
2024-12-05 11:41:13,150 - INFO - Best parameters for XGBoost: {'learning_rate': 0.1, 'max_depth': 3, 'n_estimators': 200, 'scale_pos_weight': 2.7588652482269502}
2024-12-05 11:41:13,151 - INFO - Performing Grid Search for LightGBM...
2024-12-05 11:41:53,689 - INFO - Best parameters for LightGBM: {'class_weight': None, 'learning_rate': 0.1, 'max_depth': 10, 'n_estimators': 200}
2024-12-05 11:41:53,689 - INFO - Performing Grid Search for AdaBoost...
2024-12-05 11:45:04,225 - INFO - Best parameters for AdaBoost: {'learning_rate': 1.0, 'n_estimators': 100}
2024-12-05 11:45:04,226 - INFO - Performing Grid Search for Gradient Boosting...
2024-12-05 12:20:05,807 - INFO - Best parameters for Gradient Boosting: {'learning_rate': 0.1, 'max_depth': 3, 'n_estimators': 200}
2024-12-05 12:20:05,808 - INFO - Performing Grid Search for SVM...
2024-12-05 12:20:08,895 - INFO - Best parameters for SVM: {'C': 1, 'class_weight': 'balanced', 'kernel': 'linear'}
2024-12-05 12:20:08,895 - INFO - Performing Grid Search for Logistic Regression...
2024-12-05 12:20:10,216 - INFO - Best parameters for Logistic Regression: {'C': 1, 'class_weight': 'balanced', 'max_iter': 1000}
2024-12-05 12:20:10,216 - INFO - Validating models on the validation set...
2024-12-05 12:20:10,216 - INFO - Encoding validation data...
2024-12-05 12:20:15,360 - INFO - Optimal threshold for random_forest is 0.5319 with F1 score 0.8163
2024-12-05 12:20:15,374 - INFO - Optimal threshold for xgboost is 0.5472 with F1 score 0.8431
2024-12-05 12:20:15,391 - INFO - Optimal threshold for lightgbm is 0.7886 with F1 score 0.8602
2024-12-05 12:20:15,423 - INFO - Optimal threshold for adaboost is 0.5020 with F1 score 0.8367
2024-12-05 12:20:15,435 - INFO - Optimal threshold for gradient_boosting is 0.5463 with F1 score 0.8866
2024-12-05 12:20:15,457 - INFO - Optimal threshold for svm is 0.5501 with F1 score 0.8632
2024-12-05 12:20:15,470 - INFO - Optimal threshold for logistic_regression is 0.6696 with F1 score 0.8542
2024-12-05 12:20:15,517 - INFO - Saved random_forest model to ./models/ml_models/re_model/re_random_forest_model.joblib
2024-12-05 12:20:15,527 - INFO - Saved xgboost model to ./models/ml_models/re_model/re_xgboost_model.joblib
2024-12-05 12:20:15,538 - INFO - Saved lightgbm model to ./models/ml_models/re_model/re_lightgbm_model.joblib
2024-12-05 12:20:15,569 - INFO - Saved adaboost model to ./models/ml_models/re_model/re_adaboost_model.joblib
2024-12-05 12:20:15,581 - INFO - Saved gradient_boosting model to ./models/ml_models/re_model/re_gradient_boosting_model.joblib
2024-12-05 12:20:15,588 - INFO - Saved svm model to ./models/ml_models/re_model/re_svm_model.joblib
2024-12-05 12:20:15,592 - INFO - Saved logistic_regression model to ./models/ml_models/re_model/re_logistic_regression_model.joblib
2024-12-05 12:20:15,594 - INFO - Saved label encoder to ./models/ml_models/re_model/re_label_encoder.joblib
2024-12-05 12:20:16,152 - INFO - Saved tokenizer and model for embeddings
2024-12-05 12:20:16,153 - INFO - ML-based RE models have been saved
